# JRE version: OpenJDK Runtime Environment Zulu17.58+21-CA (17.0.15+6) (build 17.0.15+6-LTS)
# Java VM: OpenJDK 64-Bit Server VM Zulu17.58+21-CA (17.0.15+6-LTS, mixed mode, sharing, tiered, compressed oops, compressed class ptrs, g1 gc, windows-amd64)
GC Precious Log:
 CPUs: 8 total, 8 available
 Memory: 24435M
 Large Page Support: Disabled
 NUMA Support: Disabled
 Compressed Oops: Enabled (Zero based)
 Heap Region Size: 4M
 Heap Min Capacity: 8M
 Heap Initial Capacity: 384M
 Heap Max Capacity: 6112M
 Pre-touch: Disabled
 Parallel Workers: 8
 Concurrent Workers: 2
 Concurrent Refinement Workers: 8
 Periodic GC: Disabled
Heap:
 garbage-first heap   total 536576K, used 237820K [0x0000000682000000, 0x0000000800000000)
  region size 4096K, 2 young (8192K), 2 survivors (8192K)
 Metaspace       used 82567K, committed 83136K, reserved 1179648K
  class space    used 11449K, committed 11712K, reserved 1048576K
GC Heap History (20 events):
Event: 13.758 GC heap after
{Heap after GC invocations=20 (full 0):
 garbage-first heap   total 208896K, used 71917K [0x0000000682000000, 0x0000000800000000)
  region size 4096K, 1 young (4096K), 1 survivors (4096K)
 Metaspace       used 77212K, committed 77760K, reserved 1179648K
  class space    used 10591K, committed 10880K, reserved 1048576K
}
Event: 14.089 GC heap before
{Heap before GC invocations=21 (full 0):
 garbage-first heap   total 208896K, used 129261K [0x0000000682000000, 0x0000000800000000)
  region size 4096K, 15 young (61440K), 1 survivors (4096K)
 Metaspace       used 77244K, committed 77888K, reserved 1179648K
  class space    used 10593K, committed 10880K, reserved 1048576K
}
Event: 14.120 GC heap after
{Heap after GC invocations=22 (full 0):
 garbage-first heap   total 208896K, used 92788K [0x0000000682000000, 0x0000000800000000)
  region size 4096K, 2 young (8192K), 2 survivors (8192K)
 Metaspace       used 77244K, committed 77888K, reserved 1179648K
  class space    used 10593K, committed 10880K, reserved 1048576K
}
Event: 14.288 GC heap before
{Heap before GC invocations=22 (full 0):
 garbage-first heap   total 208896K, used 137844K [0x0000000682000000, 0x0000000800000000)
  region size 4096K, 13 young (53248K), 2 survivors (8192K)
 Metaspace       used 77254K, committed 77888K, reserved 1179648K
  class space    used 10593K, committed 10880K, reserved 1048576K
}
Event: 14.312 GC heap after
{Heap after GC invocations=23 (full 0):
 garbage-first heap   total 208896K, used 108896K [0x0000000682000000, 0x0000000800000000)
  region size 4096K, 2 young (8192K), 2 survivors (8192K)
 Metaspace       used 77254K, committed 77888K, reserved 1179648K
  class space    used 10593K, committed 10880K, reserved 1048576K
}
Event: 14.391 GC heap before
{Heap before GC invocations=23 (full 0):
 garbage-first heap   total 208896K, used 145760K [0x0000000682000000, 0x0000000800000000)
  region size 4096K, 11 young (45056K), 2 survivors (8192K)
 Metaspace       used 77255K, committed 77888K, reserved 1179648K
  class space    used 10593K, committed 10880K, reserved 1048576K
}
Event: 14.405 GC heap after
{Heap after GC invocations=24 (full 0):
 garbage-first heap   total 208896K, used 113015K [0x0000000682000000, 0x0000000800000000)
  region size 4096K, 1 young (4096K), 1 survivors (4096K)
 Metaspace       used 77255K, committed 77888K, reserved 1179648K
  class space    used 10593K, committed 10880K, reserved 1048576K
}
Event: 14.686 GC heap before
{Heap before GC invocations=25 (full 0):
 garbage-first heap   total 221184K, used 145783K [0x0000000682000000, 0x0000000800000000)
  region size 4096K, 10 young (40960K), 1 survivors (4096K)
 Metaspace       used 78896K, committed 79488K, reserved 1179648K
  class space    used 10972K, committed 11264K, reserved 1048576K
}
Event: 14.696 GC heap after
{Heap after GC invocations=26 (full 0):
 garbage-first heap   total 221184K, used 116795K [0x0000000682000000, 0x0000000800000000)
  region size 4096K, 2 young (8192K), 2 survivors (8192K)
 Metaspace       used 78896K, committed 79488K, reserved 1179648K
  class space    used 10972K, committed 11264K, reserved 1048576K
}
Event: 14.715 GC heap before
{Heap before GC invocations=26 (full 0):
 garbage-first heap   total 221184K, used 120891K [0x0000000682000000, 0x0000000800000000)
  region size 4096K, 3 young (12288K), 2 survivors (8192K)
 Metaspace       used 78898K, committed 79488K, reserved 1179648K
  class space    used 10972K, committed 11264K, reserved 1048576K
}
Event: 14.728 GC heap after
{Heap after GC invocations=27 (full 0):
 garbage-first heap   total 221184K, used 95659K [0x0000000682000000, 0x0000000800000000)
  region size 4096K, 1 young (4096K), 1 survivors (4096K)
 Metaspace       used 78898K, committed 79488K, reserved 1179648K
  class space    used 10972K, committed 11264K, reserved 1048576K
}
Event: 14.742 GC heap before
{Heap before GC invocations=27 (full 0):
 garbage-first heap   total 221184K, used 99755K [0x0000000682000000, 0x0000000800000000)
  region size 4096K, 2 young (8192K), 1 survivors (4096K)
 Metaspace       used 78899K, committed 79488K, reserved 1179648K
  class space    used 10972K, committed 11264K, reserved 1048576K
}
Event: 14.761 GC heap after
{Heap after GC invocations=28 (full 0):
 garbage-first heap   total 536576K, used 88995K [0x0000000682000000, 0x0000000800000000)
  region size 4096K, 1 young (4096K), 1 survivors (4096K)
 Metaspace       used 78899K, committed 79488K, reserved 1179648K
  class space    used 10972K, committed 11264K, reserved 1048576K
}
Event: 15.382 GC heap before
{Heap before GC invocations=28 (full 0):
 garbage-first heap   total 536576K, used 318371K [0x0000000682000000, 0x0000000800000000)
  region size 4096K, 56 young (229376K), 1 survivors (4096K)
 Metaspace       used 78928K, committed 79552K, reserved 1179648K
  class space    used 10972K, committed 11264K, reserved 1048576K
}
Event: 15.437 GC heap after
{Heap after GC invocations=29 (full 0):
 garbage-first heap   total 536576K, used 176818K [0x0000000682000000, 0x0000000800000000)
  region size 4096K, 7 young (28672K), 7 survivors (28672K)
 Metaspace       used 78928K, committed 79552K, reserved 1179648K
  class space    used 10972K, committed 11264K, reserved 1048576K
}
Event: 15.720 GC heap before
{Heap before GC invocations=29 (full 0):
 garbage-first heap   total 536576K, used 303794K [0x0000000682000000, 0x0000000800000000)
  region size 4096K, 38 young (155648K), 7 survivors (28672K)
 Metaspace       used 78939K, committed 79552K, reserved 1179648K
  class space    used 10972K, committed 11264K, reserved 1048576K
}
Event: 15.764 GC heap after
{Heap after GC invocations=30 (full 0):
 garbage-first heap   total 536576K, used 226090K [0x0000000682000000, 0x0000000800000000)
  region size 4096K, 5 young (20480K), 5 survivors (20480K)
 Metaspace       used 78939K, committed 79552K, reserved 1179648K
  class space    used 10972K, committed 11264K, reserved 1048576K
}
Event: 16.045 GC heap before
{Heap before GC invocations=30 (full 0):
 garbage-first heap   total 536576K, used 340778K [0x0000000682000000, 0x0000000800000000)
  region size 4096K, 33 young (135168K), 5 survivors (20480K)
 Metaspace       used 80186K, committed 80768K, reserved 1179648K
  class space    used 11121K, committed 11392K, reserved 1048576K
}
Event: 16.067 GC heap after
{Heap after GC invocations=31 (full 0):
 garbage-first heap   total 536576K, used 236094K [0x0000000682000000, 0x0000000800000000)
  region size 4096K, 2 young (8192K), 2 survivors (8192K)
 Metaspace       used 80186K, committed 80768K, reserved 1179648K
  class space    used 11121K, committed 11392K, reserved 1048576K
}
Event: 16.953 GC heap before
{Heap before GC invocations=31 (full 0):
 garbage-first heap   total 536576K, used 358974K [0x0000000682000000, 0x0000000800000000)
  region size 4096K, 32 young (131072K), 2 survivors (8192K)
 Metaspace       used 82567K, committed 83136K, reserved 1179648K
  class space    used 11449K, committed 11712K, reserved 1048576K
}

